Timestamp : 2025/06/29 12:06:89;
            Level : INFO ; Message : Admin retrieved all products ;
 Stack :   
Timestamp : 2025/06/29 12:06:88;
            Level : INFO ; Message : Admin retrieved all products ;
 Stack :   
Timestamp : 2025/06/29 12:06:55;
            Level : INFO ; Message : Admin retrieved all products ;
 Stack :   
Timestamp : 2025/07/03 15:07:87;
            Level : ERROR ; Message : Admin failed to create new product ;
 Stack :  TypeError: Cannot read properties of undefined (reading 'filename')
    at exports.addProduct (H:\NTI\project\E-commerce\back-end\controllers\productControllers.js:44:32)
    at Layer.handleRequest (H:\NTI\project\E-commerce\back-end\node_modules\router\lib\layer.js:152:17)
    at next (H:\NTI\project\E-commerce\back-end\node_modules\router\lib\route.js:157:13)
    at multerMiddleware (H:\NTI\project\E-commerce\back-end\node_modules\multer\lib\make-middleware.js:19:41)
    at Layer.handleRequest (H:\NTI\project\E-commerce\back-end\node_modules\router\lib\layer.js:152:17)
    at next (H:\NTI\project\E-commerce\back-end\node_modules\router\lib\route.js:157:13)
    at H:\NTI\project\E-commerce\back-end\middleware\role.middleware.js:6:9
    at Layer.handleRequest (H:\NTI\project\E-commerce\back-end\node_modules\router\lib\layer.js:152:17)
    at next (H:\NTI\project\E-commerce\back-end\node_modules\router\lib\route.js:157:13)
    at exports.authenticate (H:\NTI\project\E-commerce\back-end\middleware\auth.middleware.js:18:9) 
Timestamp : 2025/07/03 15:07:24;
            Level : ERROR ; Message : Admin failed to create new product ;
 Stack :  ValidationError: Product validation failed: product_title: Path `product_title` is required., product_image: Path `product_image` is required.
    at Document.invalidate (H:\NTI\project\E-commerce\back-end\node_modules\mongoose\lib\document.js:3352:32)
    at H:\NTI\project\E-commerce\back-end\node_modules\mongoose\lib\document.js:3113:17
    at H:\NTI\project\E-commerce\back-end\node_modules\mongoose\lib\schemaType.js:1407:9
    at process.processTicksAndRejections (node:internal/process/task_queues:77:11) 
Timestamp : 2025/07/03 15:07:98;
            Level : ERROR ; Message : Admin failed to create new product ;
 Stack :  ValidationError: Product validation failed: product_title: Path `product_title` is required., product_image: Path `product_image` is required.
    at Document.invalidate (H:\NTI\project\E-commerce\back-end\node_modules\mongoose\lib\document.js:3352:32)
    at H:\NTI\project\E-commerce\back-end\node_modules\mongoose\lib\document.js:3113:17
    at H:\NTI\project\E-commerce\back-end\node_modules\mongoose\lib\schemaType.js:1407:9
    at process.processTicksAndRejections (node:internal/process/task_queues:77:11) 
Timestamp : 2025/07/03 15:07:25;
            Level : ERROR ; Message : Admin failed to create new product ;
 Stack :  ValidationError: Product validation failed: product_image: Path `product_image` is required., category_name: `men` is not a valid enum value for path `category_name`.
    at Document.invalidate (H:\NTI\project\E-commerce\back-end\node_modules\mongoose\lib\document.js:3352:32)
    at H:\NTI\project\E-commerce\back-end\node_modules\mongoose\lib\document.js:3113:17
    at H:\NTI\project\E-commerce\back-end\node_modules\mongoose\lib\schemaType.js:1407:9
    at process.processTicksAndRejections (node:internal/process/task_queues:77:11) 
Timestamp : 2025/07/03 15:07:08;
            Level : ERROR ; Message : Admin failed to create new product ;
 Stack :  ValidationError: Product validation failed: product_image: Path `product_image` is required., category_name: `men` is not a valid enum value for path `category_name`.
    at Document.invalidate (H:\NTI\project\E-commerce\back-end\node_modules\mongoose\lib\document.js:3352:32)
    at H:\NTI\project\E-commerce\back-end\node_modules\mongoose\lib\document.js:3113:17
    at H:\NTI\project\E-commerce\back-end\node_modules\mongoose\lib\schemaType.js:1407:9
    at process.processTicksAndRejections (node:internal/process/task_queues:77:11) 
Timestamp : 2025/07/03 15:07:44;
            Level : ERROR ; Message : Admin failed to create new product ;
 Stack :  ValidationError: Product validation failed: product_image: Path `product_image` is required., category_name: `men` is not a valid enum value for path `category_name`.
    at Document.invalidate (H:\NTI\project\E-commerce\back-end\node_modules\mongoose\lib\document.js:3352:32)
    at H:\NTI\project\E-commerce\back-end\node_modules\mongoose\lib\document.js:3113:17
    at H:\NTI\project\E-commerce\back-end\node_modules\mongoose\lib\schemaType.js:1407:9
    at process.processTicksAndRejections (node:internal/process/task_queues:77:11) 
Timestamp : 2025/07/03 15:07:37;
            Level : ERROR ; Message : Admin failed to create new product ;
 Stack :  ValidationError: Product validation failed: product_image: Path `product_image` is required.
    at Document.invalidate (H:\NTI\project\E-commerce\back-end\node_modules\mongoose\lib\document.js:3352:32)
    at H:\NTI\project\E-commerce\back-end\node_modules\mongoose\lib\document.js:3113:17
    at H:\NTI\project\E-commerce\back-end\node_modules\mongoose\lib\schemaType.js:1407:9
    at process.processTicksAndRejections (node:internal/process/task_queues:77:11) 
Timestamp : 2025/07/03 15:07:93;
            Level : ERROR ; Message : Admin failed to create new product ;
 Stack :  ReferenceError: product_image is not defined
    at exports.addProduct (H:\NTI\project\E-commerce\back-end\controllers\productControllers.js:45:9)
    at Layer.handleRequest (H:\NTI\project\E-commerce\back-end\node_modules\router\lib\layer.js:152:17)
    at next (H:\NTI\project\E-commerce\back-end\node_modules\router\lib\route.js:157:13)
    at multerMiddleware (H:\NTI\project\E-commerce\back-end\node_modules\multer\lib\make-middleware.js:19:41)
    at Layer.handleRequest (H:\NTI\project\E-commerce\back-end\node_modules\router\lib\layer.js:152:17)
    at next (H:\NTI\project\E-commerce\back-end\node_modules\router\lib\route.js:157:13)
    at H:\NTI\project\E-commerce\back-end\middleware\role.middleware.js:6:9
    at Layer.handleRequest (H:\NTI\project\E-commerce\back-end\node_modules\router\lib\layer.js:152:17)
    at next (H:\NTI\project\E-commerce\back-end\node_modules\router\lib\route.js:157:13)
    at exports.authenticate (H:\NTI\project\E-commerce\back-end\middleware\auth.middleware.js:18:9) 
Timestamp : 2025/07/03 15:07:95;
            Level : ERROR ; Message : Admin failed to create new product ;
 Stack :  ValidationError: Product validation failed: product_title: Path `product_title` is required.
    at Document.invalidate (H:\NTI\project\E-commerce\back-end\node_modules\mongoose\lib\document.js:3352:32)
    at H:\NTI\project\E-commerce\back-end\node_modules\mongoose\lib\document.js:3113:17
    at H:\NTI\project\E-commerce\back-end\node_modules\mongoose\lib\schemaType.js:1407:9
    at process.processTicksAndRejections (node:internal/process/task_queues:77:11) 
Timestamp : 2025/07/03 15:07:79;
            Level : INFO ; Message : Admin created a new product with id 686675de1aed89b8601228cf ;
 Stack :   
Timestamp : 2025/07/03 15:07:79;
            Level : WARN ; Message : Stock for product 686675de1aed89b8601228cf is low. Current stock: 5 ;
 Stack :   
Timestamp : 2025/07/03 19:07:31;
            Level : INFO ; Message : Admin retrieved all products ;
 Stack :   
Timestamp : 2025/07/03 19:07:75;
            Level : INFO ; Message : Admin retrieved all products ;
 Stack :   
Timestamp : 2025/07/03 19:07:68;
            Level : INFO ; Message : Admin retrieved all products ;
 Stack :   
Timestamp : 2025/07/03 19:07:09;
            Level : INFO ; Message : Admin retrieved all products ;
 Stack :   
Timestamp : 2025/07/03 19:07:55;
            Level : INFO ; Message : Admin retrieved all products ;
 Stack :   
Timestamp : 2025/07/03 19:07:18;
            Level : INFO ; Message : Admin retrieved all products ;
 Stack :   
Timestamp : 2025/07/03 19:07:40;
            Level : INFO ; Message : Admin retrieved all products ;
 Stack :   
Timestamp : 2025/07/03 19:07:71;
            Level : INFO ; Message : Admin retrieved all products ;
 Stack :   
Timestamp : 2025/07/03 19:07:74;
            Level : INFO ; Message : Admin retrieved all products ;
 Stack :   
Timestamp : 2025/07/03 19:07:52;
            Level : INFO ; Message : Admin retrieved all products ;
 Stack :   
Timestamp : 2025/07/03 19:07:07;
            Level : INFO ; Message : Admin retrieved all products ;
 Stack :   
Timestamp : 2025/07/03 19:07:69;
            Level : INFO ; Message : Admin retrieved all products ;
 Stack :   
Timestamp : 2025/07/03 19:07:10;
            Level : INFO ; Message : Admin retrieved all products ;
 Stack :   
Timestamp : 2025/07/03 19:07:60;
            Level : INFO ; Message : Admin retrieved all products ;
 Stack :   
Timestamp : 2025/07/03 19:07:73;
            Level : INFO ; Message : Admin retrieved all products ;
 Stack :   
Timestamp : 2025/07/03 19:07:81;
            Level : INFO ; Message : Admin retrieved all products ;
 Stack :   
Timestamp : 2025/07/03 19:07:35;
            Level : INFO ; Message : Admin retrieved all products ;
 Stack :   
Timestamp : 2025/07/03 19:07:06;
            Level : INFO ; Message : Admin retrieved all products ;
 Stack :   
Timestamp : 2025/07/03 19:07:62;
            Level : INFO ; Message : Admin retrieved all products ;
 Stack :   
Timestamp : 2025/07/03 19:07:62;
            Level : INFO ; Message : Admin retrieved all products ;
 Stack :   
Timestamp : 2025/07/03 19:07:75;
            Level : INFO ; Message : Admin retrieved all products ;
 Stack :   
Timestamp : 2025/07/03 19:07:43;
            Level : INFO ; Message : Admin retrieved all products ;
 Stack :   
Timestamp : 2025/07/03 19:07:74;
            Level : INFO ; Message : Admin retrieved all products ;
 Stack :   
Timestamp : 2025/07/03 19:07:80;
            Level : INFO ; Message : Admin retrieved all products ;
 Stack :   
Timestamp : 2025/07/03 19:07:53;
            Level : INFO ; Message : Admin retrieved all products ;
 Stack :   
Timestamp : 2025/07/03 19:07:13;
            Level : INFO ; Message : Admin retrieved all products ;
 Stack :   
Timestamp : 2025/07/03 19:07:11;
            Level : INFO ; Message : Admin retrieved all products ;
 Stack :   
Timestamp : 2025/07/03 19:07:04;
            Level : INFO ; Message : Admin retrieved all products ;
 Stack :   
Timestamp : 2025/07/03 19:07:76;
            Level : INFO ; Message : Admin retrieved all products ;
 Stack :   
Timestamp : 2025/07/03 19:07:50;
            Level : INFO ; Message : Admin retrieved all products ;
 Stack :   
Timestamp : 2025/07/03 19:07:89;
            Level : INFO ; Message : Admin retrieved all products ;
 Stack :   
Timestamp : 2025/07/03 19:07:74;
            Level : INFO ; Message : Admin retrieved all products ;
 Stack :   
Timestamp : 2025/07/03 20:07:30;
            Level : INFO ; Message : Admin retrieved all products ;
 Stack :   
Timestamp : 2025/07/03 20:07:81;
            Level : INFO ; Message : Admin retrieved all products ;
 Stack :   
Timestamp : 2025/07/03 20:07:24;
            Level : INFO ; Message : Admin retrieved all products ;
 Stack :   
Timestamp : 2025/07/03 20:07:95;
            Level : INFO ; Message : Admin retrieved all products ;
 Stack :   
Timestamp : 2025/07/03 20:07:32;
            Level : INFO ; Message : Admin retrieved all products ;
 Stack :   
Timestamp : 2025/07/03 20:07:37;
            Level : INFO ; Message : Admin retrieved all products ;
 Stack :   
Timestamp : 2025/07/03 20:07:87;
            Level : INFO ; Message : Admin retrieved all products ;
 Stack :   
Timestamp : 2025/07/03 20:07:98;
            Level : INFO ; Message : Admin retrieved all products ;
 Stack :   
Timestamp : 2025/07/03 20:07:36;
            Level : INFO ; Message : Admin retrieved all products ;
 Stack :   
Timestamp : 2025/07/03 20:07:71;
            Level : INFO ; Message : Admin retrieved all products ;
 Stack :   
Timestamp : 2025/07/03 20:07:68;
            Level : INFO ; Message : Admin retrieved all products ;
 Stack :   
Timestamp : 2025/07/03 20:07:76;
            Level : INFO ; Message : Admin retrieved all products ;
 Stack :   
Timestamp : 2025/07/03 20:07:31;
            Level : INFO ; Message : Admin retrieved all products ;
 Stack :   
Timestamp : 2025/07/03 22:07:46;
            Level : INFO ; Message : Admin retrieved all products ;
 Stack :   
